VirtualBox GUI VM Selector Window 5.2.32_Ubuntu r132056 linux.amd64 (Apr 18 2019 07:30:21) release log
00:00:02.730398 Log opened 2019-10-26T11:03:16.985152000Z
00:00:02.730400 Build Type: release
00:00:02.730404 OS Product: Linux
00:00:02.730405 OS Release: 5.0.0-32-generic
00:00:02.730407 OS Version: #34~18.04.2-Ubuntu SMP Thu Oct 10 10:36:02 UTC 2019
00:00:02.730441 DMI Product Name: VirtualBox
00:00:02.730455 DMI Product Version: 1.2
00:00:02.730540 Host RAM: 7556MB (7.3GB) total, 5861MB (5.7GB) available
00:00:02.730546 Executable: /usr/lib/virtualbox/VirtualBox
00:00:02.730547 Process ID: 3267
00:00:02.730548 Package type: LINUX_64BITS_GENERIC (OSE)
00:00:02.730583 Qt version: 5.9.5
00:00:02.916288 GUI: UIMediumEnumerator: Medium-enumeration started...
00:00:03.651922 GUI: UIMediumEnumerator: Medium-enumeration finished!
00:00:03.679186 GUI: UIDesktopWidgetWatchdog::sltHandleHostScreenAvailableGeometryCalculated: Screen 0 work area is actually resized to: 67x27 x 1853x1053
00:00:05.909342 GUI: UIMediumEnumerator: Medium-enumeration started...
00:00:06.121109 GUI: UIMediumEnumerator: Medium-enumeration finished!
00:00:37.760611 GUI: UIMediumEnumerator: Medium with key={7ecbb7cf-6a2d-4567-b314-1afec2e37b29} created
00:00:38.412620 GUI: UIMediumEnumerator: Medium-enumeration finished!
00:00:41.185349 GUI: UIMediumEnumerator: Medium-enumeration started...
00:00:41.839456 2D support test succeeded
00:00:42.062502 GUI: UIMediumEnumerator: Medium-enumeration finished!
00:01:16.114614 GUI: UIMediumEnumerator: Medium-enumeration finished!
00:06:02.550040 GUI: UIMediumEnumerator: Medium-enumeration started...
00:06:02.800674 GUI: UIMediumEnumerator: Medium-enumeration finished!
00:06:16.641937 GUI: UIMediumEnumerator: Medium with key={87ee5709-515a-4c06-a0d9-8adcfcbe7b4c} created
00:06:19.352596 GUI: UIMediumEnumerator: Medium-enumeration finished!
00:07:13.219514 GUI: UIDesktopWidgetWatchdog::sltHandleHostScreenResized: Screen 0 is formally resized to: 0x0 x 1796x974
00:07:13.269305 GUI: UIDesktopWidgetWatchdog::sltHandleHostScreenWorkAreaResized: Screen 0 work area is formally resized to: 67x27 x 1729x947
00:07:14.001235 GUI: UIDesktopWidgetWatchdog::sltHandleHostScreenAvailableGeometryCalculated: Screen 0 work area is actually resized to: 67x27 x 1729x947
00:07:14.252317 GUI: UIDesktopWidgetWatchdog::sltHandleHostScreenWorkAreaResized: Screen 0 work area is formally resized to: 63x24 x 1733x950
00:07:14.701228 GUI: UIDesktopWidgetWatchdog::sltHandleHostScreenAvailableGeometryCalculated: Screen 0 work area is actually resized to: 63x24 x 1733x950
00:07:14.947101 GUI: UIDesktopWidgetWatchdog::sltHandleHostScreenWorkAreaResized: Screen 0 work area is formally resized to: 67x27 x 1729x947
00:07:15.166556 GUI: UIDesktopWidgetWatchdog::sltHandleHostScreenAvailableGeometryCalculated: Screen 0 work area is actually resized to: 67x27 x 1729x947
00:07:21.023811 GUI: UIMediumEnumerator: Medium-enumeration finished!
00:07:21.978722 GUI: UIMediumEnumerator: Medium-enumeration finished!
