VirtualBox XPCOM Server 5.2.32_Ubuntu r132056 linux.amd64 (Apr 18 2019 07:30:21) release log
00:00:00.005102 main     Log opened 2019-10-26T11:03:16.354290000Z
00:00:00.005106 main     Build Type: release
00:00:00.005112 main     OS Product: Linux
00:00:00.005114 main     OS Release: 5.0.0-32-generic
00:00:00.005116 main     OS Version: #34~18.04.2-Ubuntu SMP Thu Oct 10 10:36:02 UTC 2019
00:00:00.005160 main     DMI Product Name: VirtualBox
00:00:00.005174 main     DMI Product Version: 1.2
00:00:00.005357 main     Host RAM: 7556MB (7.3GB) total, 5864MB (5.7GB) available
00:00:00.005363 main     Executable: /usr/lib/virtualbox/VBoxSVC
00:00:00.005364 main     Process ID: 3291
00:00:00.005365 main     Package type: LINUX_64BITS_GENERIC (OSE)
00:00:00.010445 main     IPC socket path: /tmp/.vbox-blockchain-ipc/ipcd
00:00:00.137363 nspr-2   VirtualBox: object creation starts
00:00:00.143183 nspr-2   Home directory: '/home/blockchain/.config/VirtualBox'
00:00:00.143948 nspr-2   Loading settings file "/home/blockchain/.config/VirtualBox/VirtualBox.xml" with version "1.12-linux"
00:00:00.156225 nspr-2   NAT: resolv.conf: nameserver 127.0.0.53
00:00:00.156249 nspr-2   NAT: resolv.conf: ignoring "options edns0"
00:00:00.156264 nspr-2   HostDnsMonitor::updateInfo
00:00:00.158483 nspr-2   HostDnsMonitor: old information
00:00:00.158498 nspr-2     no server entries
00:00:00.158502 nspr-2     no domain set
00:00:00.158506 nspr-2     no search string entries
00:00:00.158566 nspr-2   HostDnsMonitor: new information
00:00:00.158571 nspr-2     server 1: 127.0.0.53
00:00:00.158576 nspr-2     no domain set
00:00:00.158579 nspr-2     no search string entries
00:00:00.215801 nspr-2   VD: VDInit finished with VINF_SUCCESS
00:00:00.217259 nspr-2   ERROR [COM]: aRC=NS_ERROR_FAILURE (0x80004005) aIID={0eb668d2-495e-5a36-8890-29999b5f030c} aComponent={SystemPropertiesWrap} aText={Cannot determine default Guest Additions ISO location. Most likely they are not available}, preserve=false aResultDetail=0
00:00:00.259579 nspr-2   VirtualBox: object created
00:00:35.907029 nspr-3   Saving settings file "/home/blockchain/VirtualBox VMs/Ubuntu_KOB/Ubuntu_KOB.vbox" with version "1.16-linux"
00:00:35.941619 nspr-2   WARNING [COM]: aRC=NS_ERROR_FAILURE (0x80004005) aIID={afca788c-4477-787d-60b2-3fa70e56fbbc} aComponent={HostWrap} aText={VirtualBox is not currently allowed to access USB devices.  You can change this by adding your user to the 'vboxusers' group.  Please see the user manual for a more detailed explanation}, preserve=true  aResultDetail=0
00:00:35.962101 nspr-2   Saving settings file "/home/blockchain/VirtualBox VMs/Ubuntu_KOB/Ubuntu_KOB.vbox" with version "1.16-linux"
00:00:35.974138 nspr-2   Saving settings file "/home/blockchain/.config/VirtualBox/VirtualBox.xml" with version "1.12-linux"
00:00:36.017093 nspr-4   Saving settings file "/home/blockchain/VirtualBox VMs/Ubuntu_KOB/Ubuntu_KOB.vbox" with version "1.16-linux"
00:00:36.112572 nspr-2   ERROR [COM]: aRC=NS_ERROR_FAILURE (0x80004005) aIID={85cd948e-a71f-4289-281e-0ca7ad48cd89} aComponent={MachineWrap} aText={This machine does not have any snapshots}, preserve=false aResultDetail=0
00:00:39.145075 nspr-2   WARNING [COM]: aRC=NS_ERROR_FAILURE (0x80004005) aIID={afca788c-4477-787d-60b2-3fa70e56fbbc} aComponent={HostWrap} aText={VirtualBox is not currently allowed to access USB devices.  You can change this by adding your user to the 'vboxusers' group.  Please see the user manual for a more detailed explanation}, preserve=true  aResultDetail=0
00:00:39.894204 nspr-3   WARNING [COM]: aRC=NS_ERROR_FAILURE (0x80004005) aIID={afca788c-4477-787d-60b2-3fa70e56fbbc} aComponent={HostWrap} aText={VirtualBox is not currently allowed to access USB devices.  You can change this by adding your user to the 'vboxusers' group.  Please see the user manual for a more detailed explanation}, preserve=true  aResultDetail=0
00:00:39.895264 nspr-4   WARNING [COM]: aRC=NS_ERROR_FAILURE (0x80004005) aIID={afca788c-4477-787d-60b2-3fa70e56fbbc} aComponent={HostWrap} aText={VirtualBox is not currently allowed to access USB devices.  You can change this by adding your user to the 'vboxusers' group.  Please see the user manual for a more detailed explanation}, preserve=true  aResultDetail=0
00:01:13.279517 nspr-2   WARNING [COM]: aRC=NS_ERROR_FAILURE (0x80004005) aIID={afca788c-4477-787d-60b2-3fa70e56fbbc} aComponent={HostWrap} aText={VirtualBox is not currently allowed to access USB devices.  You can change this by adding your user to the 'vboxusers' group.  Please see the user manual for a more detailed explanation}, preserve=true  aResultDetail=0
00:01:13.281352 nspr-4   Saving settings file "/home/blockchain/VirtualBox VMs/Ubuntu_KOB/Ubuntu_KOB.vbox" with version "1.16-linux"
00:06:00.514238 nspr-3   WARNING [COM]: aRC=NS_ERROR_FAILURE (0x80004005) aIID={afca788c-4477-787d-60b2-3fa70e56fbbc} aComponent={HostWrap} aText={VirtualBox is not currently allowed to access USB devices.  You can change this by adding your user to the 'vboxusers' group.  Please see the user manual for a more detailed explanation}, preserve=true  aResultDetail=0
00:06:00.697317 nspr-4   WARNING [COM]: aRC=NS_ERROR_FAILURE (0x80004005) aIID={afca788c-4477-787d-60b2-3fa70e56fbbc} aComponent={HostWrap} aText={VirtualBox is not currently allowed to access USB devices.  You can change this by adding your user to the 'vboxusers' group.  Please see the user manual for a more detailed explanation}, preserve=true  aResultDetail=0
00:06:00.699075 nspr-2   WARNING [COM]: aRC=NS_ERROR_FAILURE (0x80004005) aIID={afca788c-4477-787d-60b2-3fa70e56fbbc} aComponent={HostWrap} aText={VirtualBox is not currently allowed to access USB devices.  You can change this by adding your user to the 'vboxusers' group.  Please see the user manual for a more detailed explanation}, preserve=true  aResultDetail=0
00:06:14.484273 nspr-2   Saving settings file "/home/blockchain/.config/VirtualBox/VirtualBox.xml" with version "1.12-linux"
00:06:14.513900 nspr-4   Saving settings file "/home/blockchain/.config/VirtualBox/VirtualBox.xml" with version "1.12-linux"
00:06:16.991206 nspr-4   WARNING [COM]: aRC=NS_ERROR_FAILURE (0x80004005) aIID={afca788c-4477-787d-60b2-3fa70e56fbbc} aComponent={HostWrap} aText={VirtualBox is not currently allowed to access USB devices.  You can change this by adding your user to the 'vboxusers' group.  Please see the user manual for a more detailed explanation}, preserve=true  aResultDetail=0
00:06:17.000396 nspr-2   Saving settings file "/home/blockchain/VirtualBox VMs/Ubuntu_KOB/Ubuntu_KOB.vbox" with version "1.16-linux"
00:06:17.022011 nspr-3   Saving settings file "/home/blockchain/VirtualBox VMs/Ubuntu_KOB/Ubuntu_KOB.vbox" with version "1.16-linux"
00:06:20.461868 nspr-6   WARNING [COM]: aRC=NS_ERROR_FAILURE (0x80004005) aIID={afca788c-4477-787d-60b2-3fa70e56fbbc} aComponent={HostWrap} aText={VirtualBox is not currently allowed to access USB devices.  You can change this by adding your user to the 'vboxusers' group.  Please see the user manual for a more detailed explanation}, preserve=true  aResultDetail=0
00:06:20.469385 nspr-3   WARNING [COM]: aRC=NS_ERROR_FAILURE (0x80004005) aIID={afca788c-4477-787d-60b2-3fa70e56fbbc} aComponent={HostWrap} aText={VirtualBox is not currently allowed to access USB devices.  You can change this by adding your user to the 'vboxusers' group.  Please see the user manual for a more detailed explanation}, preserve=true  aResultDetail=0
00:06:20.485070 nspr-6   Load [/usr/lib/virtualbox/ExtensionPacks/Oracle_VM_VirtualBox_Extension_Pack/linux.amd64/VBoxHostWebcam.so] rc VINF_SUCCESS
00:06:20.486390 nspr-3   WARNING [COM]: aRC=NS_ERROR_FAILURE (0x80004005) aIID={afca788c-4477-787d-60b2-3fa70e56fbbc} aComponent={HostWrap} aText={VirtualBox is not currently allowed to access USB devices.  You can change this by adding your user to the 'vboxusers' group.  Please see the user manual for a more detailed explanation}, preserve=true  aResultDetail=0
00:06:20.749772 nspr-4   WARNING [COM]: aRC=NS_ERROR_FAILURE (0x80004005) aIID={afca788c-4477-787d-60b2-3fa70e56fbbc} aComponent={HostWrap} aText={VirtualBox is not currently allowed to access USB devices.  You can change this by adding your user to the 'vboxusers' group.  Please see the user manual for a more detailed explanation}, preserve=true  aResultDetail=0
00:06:20.756008 nspr-6   WARNING [COM]: aRC=NS_ERROR_FAILURE (0x80004005) aIID={afca788c-4477-787d-60b2-3fa70e56fbbc} aComponent={HostWrap} aText={VirtualBox is not currently allowed to access USB devices.  You can change this by adding your user to the 'vboxusers' group.  Please see the user manual for a more detailed explanation}, preserve=true  aResultDetail=0
00:06:20.855774 nspr-4   ERROR [COM]: aRC=VBOX_E_IPRT_ERROR (0x80bb0005) aIID={85cd948e-a71f-4289-281e-0ca7ad48cd89} aComponent={SessionMachine} aText={Saved screenshot data is not available (VERR_NOT_SUPPORTED)}, preserve=false aResultDetail=0
00:06:21.888789 nspr-4   WARNING [COM]: aRC=NS_ERROR_FAILURE (0x80004005) aIID={afca788c-4477-787d-60b2-3fa70e56fbbc} aComponent={HostWrap} aText={VirtualBox is not currently allowed to access USB devices.  You can change this by adding your user to the 'vboxusers' group.  Please see the user manual for a more detailed explanation}, preserve=true  aResultDetail=0
00:07:18.855825 nspr-3   Saving settings file "/home/blockchain/VirtualBox VMs/Ubuntu_KOB/Ubuntu_KOB.vbox" with version "1.16-linux"
00:07:19.053681 nspr-2   Saving settings file "/home/blockchain/VirtualBox VMs/Ubuntu_KOB/Ubuntu_KOB.vbox" with version "1.16-linux"
00:07:19.743297 nspr-6   Saving settings file "/home/blockchain/VirtualBox VMs/Ubuntu_KOB/Ubuntu_KOB.vbox" with version "1.16-linux"
00:07:23.086767 nspr-2   Saving settings file "/home/blockchain/.config/VirtualBox/VirtualBox.xml" with version "1.12-linux"
00:07:23.149501 nspr-6   Saving settings file "/home/blockchain/.config/VirtualBox/VirtualBox.xml" with version "1.12-linux"
00:07:23.167585 nspr-4   Saving settings file "/home/blockchain/.config/VirtualBox/VirtualBox.xml" with version "1.12-linux"
00:07:28.803931 main     VirtualBox: object deletion starts
00:07:28.804169 main     ERROR [COM]: aRC=VBOX_E_OBJECT_IN_USE (0x80bb000c) aIID={4afe423b-43e0-e9d0-82e8-ceb307940dda} aComponent={MediumWrap} aText={Medium '/home/blockchain/VirtualBox VMs/Ubuntu_KOB/Ubuntu_KOB.vdi' cannot be closed because it is still attached to 1 virtual machines}, preserve=false aResultDetail=0
00:07:29.087245 Watcher  ERROR [COM]: aRC=E_ACCESSDENIED (0x80070005) aIID={9570b9d5-f1a1-448a-10c5-e12f5285adad} aComponent={VirtualBoxWrap} aText={The object is not ready}, preserve=false aResultDetail=0
00:07:33.821819 main     {00007f4a50016690} HostPowerServiceLinux::~HostPowerServiceLinux: RTThreadWait() for 5000 ms failed with VERR_TIMEOUT
00:07:33.823590 main     VirtualBox: object deleted
